1761890045696:help
1761891028899:hello
1761891044645:hello kek
1761892526318:help
1761892652309:firstName
1761893174225:exit
1761893598564:help
1761894682033:go
1761914187761:exit
1761915650655:go
1761917133373:help
1761917995527:рудз
1761917998181:help
1761918144088:a
1761918146958:help
1761918152815:go
1761918399704:help
1761919454733:пщ
1761919456755:go
1761919622488:exit
1761971962921:go
1761971967880:help
1761972337088:exit
1761974176900:go
1761974342510:help
1761974402280:shell greeting
1761974415130:help greeting
1761974423875:greeting pidor
1761974610921:auth
1761974629238:go
1761976859115:help
1761977242542:пщ
1761977244707:go
1761977265932:help
1761977274861:login
1761977292357:рудз
1761977295006:help
1761977303255:logout
1761977731924:login
1761977752972:рудз
1761977755707:help
1761977762156:logout
1761977763827:go
1761977838168:login
1761977846673:go
1761977960903:login
1761977963855:go
1761978026604:login
1761978034956:go
1761978052727:login
1761978069487:go
1761978116779:login
1761978120465:go
1761978324503:login
1761978330015:go
1761978495083:help
1761978498601:exit
1761978795742:help
